2024-10-12 15:25:31.717 [info] [main] Log level: Info
2024-10-12 15:25:31.717 [info] [main] Validating found git in: "git"
2024-10-12 15:25:31.717 [info] [main] Using git "2.40.1" from "git"
2024-10-12 15:25:31.717 [info] [Model][doInitialScan] Initial repository scan started
2024-10-12 15:25:31.717 [info] > git rev-parse --show-toplevel [8ms]
2024-10-12 15:25:31.717 [info] fatal: not a git repository (or any of the parent directories): .git
2024-10-12 15:25:31.717 [info] > git rev-parse --show-toplevel [1ms]
2024-10-12 15:25:31.717 [info] fatal: not a git repository (or any of the parent directories): .git
2024-10-12 15:25:31.720 [info] > git rev-parse --show-toplevel [1ms]
2024-10-12 15:25:31.720 [info] fatal: not a git repository (or any of the parent directories): .git
2024-10-12 15:25:31.723 [info] > git rev-parse --show-toplevel [1ms]
2024-10-12 15:25:31.723 [info] fatal: not a git repository (or any of the parent directories): .git
2024-10-12 15:25:31.726 [info] > git rev-parse --show-toplevel [0ms]
2024-10-12 15:25:31.726 [info] fatal: not a git repository (or any of the parent directories): .git
2024-10-12 15:25:31.729 [info] [Model][doInitialScan] Initial repository scan completed - repositories (0), closed repositories (0), parent repositories (0), unsafe repositories (0)
2024-10-12 15:25:33.181 [info] > git rev-parse --show-toplevel [2ms]
2024-10-12 15:25:33.181 [info] fatal: not a git repository (or any of the parent directories): .git
2024-10-12 15:25:44.097 [info] > git rev-parse --show-toplevel [4ms]
2024-10-12 15:25:44.100 [info] fatal: not a git repository (or any of the parent directories): .git
2024-10-12 15:25:44.838 [info] > git rev-parse --show-toplevel [1ms]
2024-10-12 15:25:44.838 [info] fatal: not a git repository (or any of the parent directories): .git
2024-10-12 15:28:27.923 [info] > git rev-parse --show-toplevel [1ms]
2024-10-12 15:28:27.923 [info] fatal: not a git repository (or any of the parent directories): .git
2024-10-12 15:28:58.582 [info] > git rev-parse --show-toplevel [1ms]
2024-10-12 15:28:58.583 [info] fatal: not a git repository (or any of the parent directories): .git
2024-10-12 15:32:19.491 [info] > git rev-parse --show-toplevel [1ms]
2024-10-12 15:32:19.491 [info] fatal: not a git repository (or any of the parent directories): .git
2024-10-12 15:35:58.077 [info] > git rev-parse --show-toplevel [14ms]
2024-10-12 15:35:58.078 [info] fatal: not a git repository (or any of the parent directories): .git
2024-10-12 15:36:07.366 [info] > git rev-parse --show-toplevel [2ms]
2024-10-12 15:36:07.366 [info] fatal: not a git repository (or any of the parent directories): .git
2024-10-12 15:36:24.531 [info] > git rev-parse --show-toplevel [2ms]
2024-10-12 15:36:24.531 [info] fatal: not a git repository (or any of the parent directories): .git
2024-10-12 15:37:07.986 [info] > git rev-parse --show-toplevel [1ms]
2024-10-12 15:37:07.986 [info] fatal: not a git repository (or any of the parent directories): .git
2024-10-12 15:37:24.529 [info] > git rev-parse --show-toplevel [1ms]
2024-10-12 15:37:24.530 [info] fatal: not a git repository (or any of the parent directories): .git
2024-10-12 15:46:09.067 [info] > git rev-parse --show-toplevel [2ms]
2024-10-12 15:46:09.067 [info] fatal: not a git repository (or any of the parent directories): .git
2024-10-12 16:01:35.380 [info] > git rev-parse --show-toplevel [3ms]
2024-10-12 16:01:35.380 [info] fatal: not a git repository (or any of the parent directories): .git
2024-10-12 16:52:36.318 [info] > git rev-parse --show-toplevel [2ms]
2024-10-12 16:52:36.318 [info] fatal: not a git repository (or any of the parent directories): .git
2024-10-12 17:04:07.578 [info] > git rev-parse --show-toplevel [292ms]
2024-10-12 17:04:07.586 [info] fatal: not a git repository (or any of the parent directories): .git
2024-10-12 17:15:54.478 [info] > git rev-parse --show-toplevel [1ms]
2024-10-12 17:15:54.479 [info] fatal: not a git repository (or any of the parent directories): .git
2024-10-12 17:15:59.455 [info] > git rev-parse --show-toplevel [6ms]
2024-10-12 17:15:59.455 [info] fatal: not a git repository (or any of the parent directories): .git
2024-10-12 17:16:13.450 [info] > git rev-parse --show-toplevel [1ms]
2024-10-12 17:16:13.450 [info] fatal: not a git repository (or any of the parent directories): .git
2024-10-12 17:18:17.032 [info] > git rev-parse --show-toplevel [2ms]
2024-10-12 17:18:17.032 [info] fatal: not a git repository (or any of the parent directories): .git
2024-10-12 17:18:42.753 [info] > git rev-parse --show-toplevel [1ms]
2024-10-12 17:18:42.753 [info] fatal: not a git repository (or any of the parent directories): .git
2024-10-12 17:18:56.260 [info] > git rev-parse --show-toplevel [2ms]
2024-10-12 17:18:56.260 [info] fatal: not a git repository (or any of the parent directories): .git
2024-10-12 17:32:42.074 [info] > git rev-parse --show-toplevel [1ms]
2024-10-12 17:32:42.074 [info] fatal: not a git repository (or any of the parent directories): .git
